<?xml version="1.0" encoding="UTF-8"?>
<testng-results skipped="0" failed="0" ignored="0" total="1" passed="1">
  <reporter-output>
  </reporter-output>
  <suite name="Default suite" duration-ms="17787" started-at="2018-06-20T20:14:07Z" finished-at="2018-06-20T20:14:24Z">
    <groups>
    </groups>
    <test name="Default test" duration-ms="17787" started-at="2018-06-20T20:14:07Z" finished-at="2018-06-20T20:14:24Z">
      <class name="com.prestashop.PositiveScenario">
        <test-method status="PASS" signature="setUP()[pri:0, instance:com.prestashop.PositiveScenario@7e5c8c80]" name="setUP" is-config="true" duration-ms="4936" started-at="2018-06-20T20:14:07Z" finished-at="2018-06-20T20:14:11Z">
          <reporter-output>
          </reporter-output>
        </test-method> <!-- setUP -->
        <test-method status="PASS" signature="loginTest()[pri:0, instance:com.prestashop.PositiveScenario@7e5c8c80]" name="loginTest" duration-ms="12684" started-at="2018-06-20T20:14:11Z" finished-at="2018-06-20T20:14:24Z">
          <reporter-output>
          </reporter-output>
        </test-method> <!-- loginTest -->
        <test-method status="PASS" signature="tearDown()[pri:0, instance:com.prestashop.PositiveScenario@7e5c8c80]" name="tearDown" is-config="true" duration-ms="141" started-at="2018-06-20T20:14:24Z" finished-at="2018-06-20T20:14:24Z">
          <reporter-output>
          </reporter-output>
        </test-method> <!-- tearDown -->
      </class> <!-- com.prestashop.PositiveScenario -->
    </test> <!-- Default test -->
  </suite> <!-- Default suite -->
</testng-results>
